247	DX0NE$		Spratly Is.
246	1A		Sov. Mil. Order of Malta
260	3A		Monaco
004	3B[67]		Agalega & St. Brandon Is.
165	3B8		Mauritius
207	3B9		Rodrigues I.
049	3C		Equatorial Guinea
195	3C0		Annobon I.
176	3D2		Fiji
489	3D2		Conway Reef
460	3D2		Rotuma I.
468	3DA		Kingdom of Eswatini
474	3V		Tunisia
293	3W|XV		Viet Nam
107	3X		Guinea
024	3Y		Bouvet
199	3Y		Peter 1 I.
018	4[JK]		Azerbaijan
075	4L		Georgia
514	4O		Montenegro
315	4S		Sri Lanka
117	4U		ITU HQ
289	4U		United Nations HQ
511	4W		Timor Leste
336	4[XZ]		Israel
436	5A		Libya
215	5B|C4|P3		Cyprus
470	5[HI]		Tanzania
450	5N		Nigeria
438	5R		Madagascar
444	5T		Mauritania
187	5U		Niger
483	5V		Togo
190	KH8		Samoa
286	5X		Uganda
430	5[YZ]		Kenya
456	6[VW]		Senegal
082	6Y		Jamaica
492	7O		Yemen
432	7P		Lesotho
440	7Q		Malawi
400	7[T-Y]		Algeria
062	8P		Barbados
159	8Q		Maldives
129	8R		Guyana
497	9A		Croatia
424	9G		Ghana
257	9H		Malta
482	9[IJ]		Zambia
348	9K		Kuwait
458	9L		Sierra Leone
299	9M[24]		West Malaysia
046	9M[68]		East Malaysia
369	9N		Nepal
414	9[Q-T]		Dem. Rep. of Congo
404	9U		Burundi
381	9V		Singapore
454	9X		Rwanda
090	9[YZ]		Trinidad & Tobago
402	A2		Botswana
160	A3		Tonga
370	A4		Oman
306	A5		Bhutan
391	A6		United Arab Emirates
376	A7		Qatar
304	A9		Bahrain
372	AP		Pakistan
318	B		China
506	BS7		Scarborough Reef
386	B[U-X]		Taiwan
505	BV9P		Pratas I.
157	C2		Nauru
203	C3		Andorra
422	C5		The Gambia
060	C6		Bahamas
181	C[89]		Mozambique
112	C[AE]		Chile
047	CE0		Easter I.
125	CE0		Juan Fernandez Is.
217	CE0		San Felix & San Ambrosio
013	CE9|KC4		Antarctica
070	CM|CO		Cuba
446	CN		Morocco
104	CP		Bolivia
272	CT		Portugal
256	CT3		Madeira Is.
149	CU		Azores
144	CV|CX		Uruguay
211	CY0		Sable I.
252	CY9		St. Paul I.
401	D2		Angola
409	D4		Cape Verde
411	D6		Comoros
230	DA|DR		Fed. Rep. of Germany
375	DU|DZ|4D|4I		Philippines
051	E3		Eritrea
510	E4		Palestine
191	E5		N. Cook Is.
234	E5		S. Cook Is.
188	E6		Niue
501	E7		Bosnia Herzegovina
281	EA|EH		Spain
021	EA6|EH6		Balearic Is.
029	EA8|EH8		Canary Is.
032	EA9|EH9		Ceuta & Melilla
245	EI|EJ		Ireland
014	EK		Armenia
434	EL		Liberia
330	EP|EQ		Iran
179	ER		Moldova
052	ES		Estonia
053	ET		Ethiopia
027	EU|EW		Belarus
135	EX		Kyrgyzstan
262	EY		Tajikistan
280	EZ		Turkmenistan
227	F		France
079	FG|TO		Guadeloupe
169	FH|TO		Mayotte
516	FJ|TO		Saint Barthelemy
162	FK|TX		New Caledonia
512	FK|TX		Chesterfield Is.
084	FM|TO		Martinique
508	FO|TX		Austral I.
036	FO|TX		Clipperton I.
175	FO|TX		French Polynesia
509	FO|TX		Marquesas Is.
277	FP		St. Pierre & Miquelon
453	FR|TO		Reunion I.
099	FT/G|TO		Glorioso Is.
124	FT/J|E|TO		Juan de Nova| Europa
276	FT/T|TO		Tromelin I.
213	FS|TO		Saint Martin
041	FT/W		Crozet I.
131	FT/X		Kerguelen Is.
010	FT/Z		Amsterdam & St. Paul Is.
298	FW		Wallis & Futuna Is.
063	FY		French Guiana
223	G|GX|M		England
114	GD|GT		Isle of Man
265	GI|GN		Northern Ireland
122	GJ|GH		Jersey
279	GM|GS		Scotland
106	GU|GP		Guernsey
294	GW|GC		Wales
185	H4		Solomon Is.
507	H40		Temotu Province
239	HA|HG		Hungary
287	HB		Switzerland
251	HB0		Liechtenstein
120	HC|HD		Ecuador
071	HC8|HD		Galapagos Is.
078	HH		Haiti
072	HI		Dominican Republic
116	HJ|HK|5J|5K		Colombia
161	HK0		Malpelo I.
216	HK0		San Andres & Providencia
137	HL|6K|6N		Republic of Korea
088	HO|HP		Panama
080	HQ|HR		Honduras
387	HS|E2		Thailand
295	HV		Vatican
378	HZ		Saudi Arabia
248	I		Italy
225	IS0|IM0		Sardinia
382	J2		Djibouti
077	J3		Grenada
109	J5		Guinea Bissau
097	J6		St. Lucia
095	J7		Dominica
098	J8		St. Vincent
339	JA|JS|7J|7N		Japan
177	JD1		Minami Torishima
192	JD1		Ogasawara
363	JT|JV		Mongolia
259	JW		Svalbard
118	JX		Jan Mayen
342	JY		Jordan
291	K|W|N|AA|AK		United States of America
105	KG4		Guantanamo Bay
166	KH0		Mariana Is.
020	KH1		Baker & Howland Is.
103	KH2		Guam
123	KH3		Johnston I.
174	KH4		Midway I.
197	KH5		Palmyra & Jarvis Is.
110	KH6|7		Hawaii
138	KH7K		Kure I.
009	KH8		American Samoa
515	KH8		Swains I.
297	KH9		Wake I.
006	KL|AL|NL|WL		Alaska
182	KP1		Navassa I.
285	KP2		Virgin Is.
202	KP3|4		Puerto Rico
043	KP5		Desecheo I.
266	LA|LN		Norway
100	LO|LW		Argentina
254	LX		Luxembourg
146	LY		Lithuania
212	LZ		Bulgaria
136	OA|OC		Peru
354	OD		Lebanon
206	OE		Austria
224	OF|OI		Finland
005	OH0		Aland Is.
167	OJ0		Market Reef
503	OK|OL		Czech Republic
504	OM		Slovak Republic
209	ON|OT		Belgium
221	OU|OW|OZ		Denmark
237	OX		Greenland
222	OY		Faroe Is.
163	P2		Papua New Guinea
091	P4		Aruba
344	P5		DPR of Korea
263	PA|PI		Netherlands
517	PJ2		Curacao
520	PJ4		Bonaire
519	PJ5|6		Saba & St. Eustatius
518	PJ7		Sint Maarten
108	PP|PY|ZV|ZZ		Brazil
056	PP0		PY0F Fernando de Noronha
140	PZ		Suriname
061	R1/F		Franz Josef Land
302	S01|27		Western Sahara
305	S2		Bangladesh
499	S5		Slovenia
379	S7		Seychelles
219	S9		Sao Tome & Principe
284	SA|SM|7S|8S		Sweden
269	SN|SR		Poland
466	ST		Sudan AF
478	SU		Egypt
236	SV		SZ| J4 Greece
180	SV/A		Mount Athos
045	SV5|		J45 Dodecanese
040	SV9|		J49 Crete
282	T2		Tuvalu
301	T30		W. Kiribati (Gilbert Is. )
031	T31		C. Kiribati
048	T32		E. Kiribati (Line Is.)
490	T33		Banaba I. (Ocean I.)
232	T5|6O		Somalia
278	T7		San Marino
022	T8		Palau
390	TA|TC		Turkey
242	TF		Iceland
076	TG|TD		Guatemala
308	TI|TE		Costa Rica
037	TI9		Cocos I.
406	TJ		Cameroon
214	TK		Corsica
408	30		Central Africa
412	TN		Congo (Republic of the)
420	TR		Gabon
410	TT		Chad
428	TU		Cote d'Ivoire
416	TY		Benin
442	TZ		Mali
054	UA|UI1|7|RA|RZ		European Russia
126	UA2|RA2		Kaliningrad
015	UA|UI8|9|0|RA|RZ		Asiatic Russia
292	UJ|UM		Uzbekistan
130	UN|UQ		Kazakhstan AS
288	UR|UZ|EM|EO		Ukraine
094	V2		Antigua & Barbuda
066	V3		Belize
249	V4		St. Kitts & Nevis
464	V5		Namibia
173	V6		Micronesia
168	V7		Marshall Is.
345	V8		Brunei Darussalam
001	VA|VG|VO|VY		Canada NA
150	VK|AX		Australia
111	VK0		Heard I.
153	VK0		Macquarie I.
038	VK9C		Cocos (Keeling) Is.
147	VK9L		Lord Howe I.
171	VK9M		Mellish Reef
189	VK9N		Norfolk I.
303	VK9W		Willis I.
035	VK9X		Christmas I.
012	VP2E		Anguilla
096	VP2M		Montserrat
065	VP2V		British Virgin Is.
089	VP5		Turks & Caicos Is.
172	VP6		Pitcairn I.
513	VP6		Ducie I.
141	VP8		Falkland Is.
235	VP8|LU		South Georgia I.
238	VP8|LU		South Orkney Is.
240	VP8|LU		South Sandwich Is.
241	VP8|LU|CE9|HF0|4K1		South Shetland Is.
064	VP9		Bermuda
033	VQ9		Chagos Is.
321	VR		Hong Kong
324	VU		India
011	VU4		Andaman & Nicobar Is.
142	VU7		Lakshadweep Is.
050	XA|XI		Mexico
204	XA4|XI4		Revillagigedo
480	XT		Burkina Faso
312	XU		Cambodia
143	XW		Laos
152	XX		Macao
309	XY|XZ		Myanmar
003	YA|T6		Afghanistan
327	YB|YH		Indonesia
333	YI		Iraq
158	YJ		Vanuatu
384	YK		Syria
145	YL		Latvia
086	YN|H6|7|HT		Nicaragua
275	YO|YR		Romania
074	YS|HU		El Salvador
296	YT|YU		Serbia
148	YV|YY|4M		Venezuela
017	YV0		Aves I.
452	Z2		Zimbabwe
502	Z3		North Macedonia
522	Z6		Republic of Kosovo
521	Z8		South Sudan (Rep of)
007	ZA		Albania
233	ZB		Gibraltar
250	ZD7		St. Helena
205	ZD8		Ascension I.
069	ZF		Cayman Is.
270	ZK3		Tokelau Is.
170	ZL|ZM		New Zealand
034	ZL7		Chatham Is.
133	ZL8		Kermadec Is.
016	ZL9		New Zealand Subantarctic Islands
132	ZP		Paraguay
462	ZR|ZU		South Africa
201	ZS8		Prince Edward & Marion Is.
340
